<?xml version="1.0" encoding="UTF-8"?>
<!-- Generated by org.testng.reporters.JUnitReportReporter -->
<testsuite skipped="0" hostname="M1525104" name="com.pctorion.platformTests.ORN_VR_PatientSearch" tests="1" failures="0" timestamp="21 Oct 2016 08:35:13 GMT" time="17.220" errors="0">
  <testcase name="pct_vr_PatientSearch" time="17.220" classname="com.pctorion.platformTests.ORN_VR_PatientSearch"/>
</testsuite> <!-- com.pctorion.platformTests.ORN_VR_PatientSearch -->
