<?xml version="1.0" encoding="UTF-8"?>
<!-- Generated by org.testng.reporters.JUnitReportReporter -->
<testsuite skipped="0" hostname="M1525101" name="com.cerner.pctorion.platformTests.ORN_VR_PatientSearch" tests="1" failures="0" timestamp="21 Oct 2016 12:56:51 GMT" time="20.221" errors="0">
  <testcase name="VRPatientSearch" time="20.221" classname="com.cerner.pctorion.platformTests.ORN_VR_PatientSearch"/>
</testsuite> <!-- com.cerner.pctorion.platformTests.ORN_VR_PatientSearch -->
