<?xml version="1.0" encoding="UTF-8"?>
<!-- Generated by org.testng.reporters.JUnitReportReporter -->
<testsuite skipped="0" hostname="M1525104" name="com.cerner.pctorion.platformTests.ORN_VR_PatientSearch" tests="1" failures="0" timestamp="21 Oct 2016 10:38:30 GMT" time="19.296" errors="0">
  <testcase name="orn_vr_patientsearch" time="19.296" classname="com.cerner.pctorion.platformTests.ORN_VR_PatientSearch"/>
</testsuite> <!-- com.cerner.pctorion.platformTests.ORN_VR_PatientSearch -->
